This file contains any messages produced by compilers while
running configure, to aid debugging if configure makes a mistake.

It was created by configure, which was
generated by GNU Autoconf 2.59.  Invocation command line was

  $ ./configure --prefix=/home/lucmir/Desktop/Faculdade/mestrado/periodo2/gerenciaDeDadosWeb/tp1/tp1_gdw/Extrator/projeto-extracao/htmlcxx-0.7.3/out

## --------- ##
## Platform. ##
## --------- ##

hostname = fliperama
uname -m = i686
uname -r = 2.6.38-8-generic
uname -s = Linux
uname -v = #42-Ubuntu SMP Mon Apr 11 03:31:50 UTC 2011

/usr/bin/uname -p = unknown
/bin/uname -X     = unknown

/bin/arch              = unknown
/usr/bin/arch -k       = unknown
/usr/convex/getsysinfo = unknown
hostinfo               = unknown
/bin/machine           = unknown
/usr/bin/oslevel       = unknown
/bin/universe          = unknown

PATH: /usr/local/sbin
PATH: /usr/local/bin
PATH: /usr/sbin
PATH: /usr/bin
PATH: /sbin
PATH: /bin
PATH: /usr/games
PATH: /bin
PATH: /bin
PATH: /home/lucmir/development/programs/jdk1.6.0_25/bin
PATH: /home/lucmir/development/programs/apache-maven-2.2.1/bin
PATH: /home/lucmir/development/programs/apache-ant-1.8.0RC1/bin
PATH: /home/lucmir/development/java/android/android-sdk-linux_86/tools


## ----------- ##
## Core tests. ##
## ----------- ##

configure:1536: checking for a BSD-compatible install
configure:1591: result: /usr/bin/install -c
configure:1602: checking whether build environment is sane
configure:1645: result: yes
configure:1710: checking for gawk
configure:1726: found /usr/bin/gawk
configure:1736: result: gawk
configure:1746: checking whether make sets $(MAKE)
configure:1766: result: yes
configure:2015: checking for g++
configure:2031: found /usr/bin/g++
configure:2041: result: g++
configure:2057: checking for C++ compiler version
configure:2060: g++ --version </dev/null >&5
g++ (GCC) 3.3.6 (Ubuntu 1:3.3.6-15ubuntu4)
Copyright (C) 2003 Free Software Foundation, Inc.
This is free software; see the source for copying conditions.  There is NO
warranty; not even for MERCHANTABILITY or FITNESS FOR A PARTICULAR PURPOSE.

configure:2063: $? = 0
configure:2065: g++ -v </dev/null >&5
Reading specs from /usr/lib/gcc-lib/i486-linux-gnu/3.3.6/specs
Configured with: ../src/configure -v --enable-languages=c,c++ --prefix=/usr --mandir=/usr/share/man --infodir=/usr/share/info --with-gxx-include-dir=/usr/include/c++/3.3 --enable-shared --enable-__cxa_atexit --with-system-zlib --enable-nls --without-included-gettext --enable-clocale=gnu --enable-debug i486-linux-gnu
Thread model: posix
gcc version 3.3.6 (Ubuntu 1:3.3.6-15ubuntu4)
configure:2068: $? = 0
configure:2070: g++ -V </dev/null >&5
g++: `-V' option must have argument
configure:2073: $? = 1
configure:2096: checking for C++ compiler default output file name
configure:2099: g++    conftest.cc  >&5
configure:2102: $? = 0
configure:2148: result: a.out
configure:2153: checking whether the C++ compiler works
configure:2159: ./a.out
configure:2162: $? = 0
configure:2179: result: yes
configure:2186: checking whether we are cross compiling
configure:2188: result: no
configure:2191: checking for suffix of executables
configure:2193: g++ -o conftest    conftest.cc  >&5
configure:2196: $? = 0
configure:2221: result: 
configure:2227: checking for suffix of object files
configure:2248: g++ -c   conftest.cc >&5
configure:2251: $? = 0
configure:2273: result: o
configure:2277: checking whether we are using the GNU C++ compiler
configure:2301: g++ -c   conftest.cc >&5
configure:2307: $? = 0
configure:2311: test -z 
			 || test ! -s conftest.err
configure:2314: $? = 0
configure:2317: test -s conftest.o
configure:2320: $? = 0
configure:2333: result: yes
configure:2339: checking whether g++ accepts -g
configure:2360: g++ -c -g  conftest.cc >&5
configure:2366: $? = 0
configure:2370: test -z 
			 || test ! -s conftest.err
configure:2373: $? = 0
configure:2376: test -s conftest.o
configure:2379: $? = 0
configure:2390: result: yes
configure:2432: g++ -c -g -O2  conftest.cc >&5
configure:2438: $? = 0
configure:2442: test -z 
			 || test ! -s conftest.err
configure:2445: $? = 0
configure:2448: test -s conftest.o
configure:2451: $? = 0
configure:2477: g++ -c -g -O2  conftest.cc >&5
conftest.cc: In function `int main()':
conftest.cc:15: error: `exit' undeclared (first use this function)
conftest.cc:15: error: (Each undeclared identifier is reported only once for 
   each function it appears in.)
configure:2483: $? = 1
configure: failed program was:
| /* confdefs.h.  */
| 
| #define PACKAGE_NAME ""
| #define PACKAGE_TARNAME ""
| #define PACKAGE_VERSION ""
| #define PACKAGE_STRING ""
| #define PACKAGE_BUGREPORT ""
| #define PACKAGE "htmlcxx"
| #define VERSION "0.7.3"
| /* end confdefs.h.  */
| 
| int
| main ()
| {
| exit (42);
|   ;
|   return 0;
| }
configure:2432: g++ -c -g -O2  conftest.cc >&5
configure:2438: $? = 0
configure:2442: test -z 
			 || test ! -s conftest.err
configure:2445: $? = 0
configure:2448: test -s conftest.o
configure:2451: $? = 0
configure:2477: g++ -c -g -O2  conftest.cc >&5
configure:2483: $? = 0
configure:2487: test -z 
			 || test ! -s conftest.err
configure:2490: $? = 0
configure:2493: test -s conftest.o
configure:2496: $? = 0
configure:2530: checking for style of include used by make
configure:2558: result: GNU
configure:2586: checking dependency style of g++
configure:2676: result: gcc3
configure:2739: checking for gcc
configure:2755: found /usr/bin/gcc
configure:2765: result: gcc
configure:3009: checking for C compiler version
configure:3012: gcc --version </dev/null >&5
gcc (Ubuntu/Linaro 4.5.2-8ubuntu4) 4.5.2
Copyright (C) 2010 Free Software Foundation, Inc.
This is free software; see the source for copying conditions.  There is NO
warranty; not even for MERCHANTABILITY or FITNESS FOR A PARTICULAR PURPOSE.

configure:3015: $? = 0
configure:3017: gcc -v </dev/null >&5
Using built-in specs.
COLLECT_GCC=gcc
COLLECT_LTO_WRAPPER=/usr/lib/i386-linux-gnu/gcc/i686-linux-gnu/4.5.2/lto-wrapper
Target: i686-linux-gnu
Configured with: ../src/configure -v --with-pkgversion='Ubuntu/Linaro 4.5.2-8ubuntu4' --with-bugurl=file:///usr/share/doc/gcc-4.5/README.Bugs --enable-languages=c,c++,fortran,objc,obj-c++ --prefix=/usr --program-suffix=-4.5 --enable-shared --enable-multiarch --with-multiarch-defaults=i386-linux-gnu --enable-linker-build-id --with-system-zlib --libexecdir=/usr/lib/i386-linux-gnu --without-included-gettext --enable-threads=posix --with-gxx-include-dir=/usr/include/c++/4.5 --libdir=/usr/lib/i386-linux-gnu --enable-nls --with-sysroot=/ --enable-clocale=gnu --enable-libstdcxx-debug --enable-libstdcxx-time=yes --enable-plugin --enable-gold --enable-ld=default --with-plugin-ld=ld.gold --enable-objc-gc --enable-targets=all --disable-werror --with-arch-32=i686 --with-tune=generic --enable-checking=release --build=i686-linux-gnu --host=i686-linux-gnu --target=i686-linux-gnu
Thread model: posix
gcc version 4.5.2 (Ubuntu/Linaro 4.5.2-8ubuntu4) 
configure:3020: $? = 0
configure:3022: gcc -V </dev/null >&5
gcc: '-V' option must have argument
configure:3025: $? = 1
configure:3028: checking whether we are using the GNU C compiler
configure:3052: gcc -c   conftest.c >&5
configure:3058: $? = 0
configure:3062: test -z 
			 || test ! -s conftest.err
configure:3065: $? = 0
configure:3068: test -s conftest.o
configure:3071: $? = 0
configure:3084: result: yes
configure:3090: checking whether gcc accepts -g
configure:3111: gcc -c -g  conftest.c >&5
configure:3117: $? = 0
configure:3121: test -z 
			 || test ! -s conftest.err
configure:3124: $? = 0
configure:3127: test -s conftest.o
configure:3130: $? = 0
configure:3141: result: yes
configure:3158: checking for gcc option to accept ANSI C
configure:3228: gcc  -c -g -O2  conftest.c >&5
configure:3234: $? = 0
configure:3238: test -z 
			 || test ! -s conftest.err
configure:3241: $? = 0
configure:3244: test -s conftest.o
configure:3247: $? = 0
configure:3265: result: none needed
configure:3283: gcc -c -g -O2  conftest.c >&5
conftest.c:2:9: error: expected '=', ',', ';', 'asm' or '__attribute__' before 'me'
configure:3289: $? = 1
configure: failed program was:
| #ifndef __cplusplus
|   choke me
| #endif
configure:3424: checking dependency style of gcc
configure:3514: result: gcc3
configure:3536: checking for flex
configure:3552: found /usr/bin/flex
configure:3562: result: flex
configure:3575: checking for yywrap in -lfl
configure:3605: gcc -o conftest -g -O2   conftest.c -lfl   >&5
configure:3611: $? = 0
configure:3615: test -z 
			 || test ! -s conftest.err
configure:3618: $? = 0
configure:3621: test -s conftest
configure:3624: $? = 0
configure:3637: result: yes
configure:3715: checking lex output file root
configure:3726: flex conftest.l
configure:3729: $? = 0
configure:3741: result: lex.yy
configure:3746: checking whether yytext is a pointer
configure:3762: gcc -o conftest -g -O2   conftest.c  -lfl >&5
configure:3768: $? = 0
configure:3772: test -z 
			 || test ! -s conftest.err
configure:3775: $? = 0
configure:3778: test -s conftest
configure:3781: $? = 0
configure:3795: result: yes
configure:3813: checking for bison
configure:3829: found /usr/bin/bison
configure:3839: result: bison -y
configure:3904: checking build system type
configure:3922: result: i686-pc-linux-gnu
configure:3930: checking host system type
configure:3944: result: i686-pc-linux-gnu
configure:3952: checking for a sed that does not truncate output
configure:4006: result: /bin/sed
configure:4009: checking for egrep
configure:4019: result: grep -E
configure:4035: checking for ld used by gcc
configure:4102: result: /usr/bin/ld
configure:4111: checking if the linker (/usr/bin/ld) is GNU ld
configure:4126: result: yes
configure:4131: checking for /usr/bin/ld option to reload object files
configure:4138: result: -r
configure:4156: checking for BSD-compatible nm
configure:4198: result: /usr/bin/nm -B
configure:4202: checking whether ln -s works
configure:4206: result: yes
configure:4213: checking how to recognise dependent libraries
configure:4385: result: pass_all
configure:4516: gcc -c -g -O2  conftest.c >&5
configure:4519: $? = 0
configure:4616: checking how to run the C preprocessor
configure:4651: gcc -E  conftest.c
configure:4657: $? = 0
configure:4689: gcc -E  conftest.c
conftest.c:15:28: fatal error: ac_nonexistent.h: No such file or directory
compilation terminated.
configure:4695: $? = 1
configure: failed program was:
| /* confdefs.h.  */
| 
| #define PACKAGE_NAME ""
| #define PACKAGE_TARNAME ""
| #define PACKAGE_VERSION ""
| #define PACKAGE_STRING ""
| #define PACKAGE_BUGREPORT ""
| #define PACKAGE "htmlcxx"
| #define VERSION "0.7.3"
| #ifdef __cplusplus
| extern "C" void std::exit (int) throw (); using std::exit;
| #endif
| #define YYTEXT_POINTER 1
| /* end confdefs.h.  */
| #include <ac_nonexistent.h>
configure:4734: result: gcc -E
configure:4758: gcc -E  conftest.c
configure:4764: $? = 0
configure:4796: gcc -E  conftest.c
conftest.c:15:28: fatal error: ac_nonexistent.h: No such file or directory
compilation terminated.
configure:4802: $? = 1
configure: failed program was:
| /* confdefs.h.  */
| 
| #define PACKAGE_NAME ""
| #define PACKAGE_TARNAME ""
| #define PACKAGE_VERSION ""
| #define PACKAGE_STRING ""
| #define PACKAGE_BUGREPORT ""
| #define PACKAGE "htmlcxx"
| #define VERSION "0.7.3"
| #ifdef __cplusplus
| extern "C" void std::exit (int) throw (); using std::exit;
| #endif
| #define YYTEXT_POINTER 1
| /* end confdefs.h.  */
| #include <ac_nonexistent.h>
configure:4846: checking for ANSI C header files
configure:4871: gcc -c -g -O2  conftest.c >&5
configure:4877: $? = 0
configure:4881: test -z 
			 || test ! -s conftest.err
configure:4884: $? = 0
configure:4887: test -s conftest.o
configure:4890: $? = 0
configure:4979: gcc -o conftest -g -O2   conftest.c  >&5
conftest.c: In function 'main':
conftest.c:32:7: warning: incompatible implicit declaration of built-in function 'exit'
configure:4982: $? = 0
configure:4984: ./conftest
configure:4987: $? = 0
configure:5002: result: yes
configure:5026: checking for sys/types.h
configure:5042: gcc -c -g -O2  conftest.c >&5
configure:5048: $? = 0
configure:5052: test -z 
			 || test ! -s conftest.err
configure:5055: $? = 0
configure:5058: test -s conftest.o
configure:5061: $? = 0
configure:5072: result: yes
configure:5026: checking for sys/stat.h
configure:5042: gcc -c -g -O2  conftest.c >&5
configure:5048: $? = 0
configure:5052: test -z 
			 || test ! -s conftest.err
configure:5055: $? = 0
configure:5058: test -s conftest.o
configure:5061: $? = 0
configure:5072: result: yes
configure:5026: checking for stdlib.h
configure:5042: gcc -c -g -O2  conftest.c >&5
configure:5048: $? = 0
configure:5052: test -z 
			 || test ! -s conftest.err
configure:5055: $? = 0
configure:5058: test -s conftest.o
configure:5061: $? = 0
configure:5072: result: yes
configure:5026: checking for string.h
configure:5042: gcc -c -g -O2  conftest.c >&5
configure:5048: $? = 0
configure:5052: test -z 
			 || test ! -s conftest.err
configure:5055: $? = 0
configure:5058: test -s conftest.o
configure:5061: $? = 0
configure:5072: result: yes
configure:5026: checking for memory.h
configure:5042: gcc -c -g -O2  conftest.c >&5
configure:5048: $? = 0
configure:5052: test -z 
			 || test ! -s conftest.err
configure:5055: $? = 0
configure:5058: test -s conftest.o
configure:5061: $? = 0
configure:5072: result: yes
configure:5026: checking for strings.h
configure:5042: gcc -c -g -O2  conftest.c >&5
configure:5048: $? = 0
configure:5052: test -z 
			 || test ! -s conftest.err
configure:5055: $? = 0
configure:5058: test -s conftest.o
configure:5061: $? = 0
configure:5072: result: yes
configure:5026: checking for inttypes.h
configure:5042: gcc -c -g -O2  conftest.c >&5
configure:5048: $? = 0
configure:5052: test -z 
			 || test ! -s conftest.err
configure:5055: $? = 0
configure:5058: test -s conftest.o
configure:5061: $? = 0
configure:5072: result: yes
configure:5026: checking for stdint.h
configure:5042: gcc -c -g -O2  conftest.c >&5
configure:5048: $? = 0
configure:5052: test -z 
			 || test ! -s conftest.err
configure:5055: $? = 0
configure:5058: test -s conftest.o
configure:5061: $? = 0
configure:5072: result: yes
configure:5026: checking for unistd.h
configure:5042: gcc -c -g -O2  conftest.c >&5
configure:5048: $? = 0
configure:5052: test -z 
			 || test ! -s conftest.err
configure:5055: $? = 0
configure:5058: test -s conftest.o
configure:5061: $? = 0
configure:5072: result: yes
configure:5098: checking dlfcn.h usability
configure:5110: gcc -c -g -O2  conftest.c >&5
configure:5116: $? = 0
configure:5120: test -z 
			 || test ! -s conftest.err
configure:5123: $? = 0
configure:5126: test -s conftest.o
configure:5129: $? = 0
configure:5139: result: yes
configure:5143: checking dlfcn.h presence
configure:5153: gcc -E  conftest.c
configure:5159: $? = 0
configure:5179: result: yes
configure:5214: checking for dlfcn.h
configure:5221: result: yes
configure:5244: checking how to run the C++ preprocessor
configure:5275: g++ -E  conftest.cc
configure:5281: $? = 0
configure:5313: g++ -E  conftest.cc
conftest.cc:26:28: ac_nonexistent.h: No such file or directory
configure:5319: $? = 1
configure: failed program was:
| /* confdefs.h.  */
| 
| #define PACKAGE_NAME ""
| #define PACKAGE_TARNAME ""
| #define PACKAGE_VERSION ""
| #define PACKAGE_STRING ""
| #define PACKAGE_BUGREPORT ""
| #define PACKAGE "htmlcxx"
| #define VERSION "0.7.3"
| #ifdef __cplusplus
| extern "C" void std::exit (int) throw (); using std::exit;
| #endif
| #define YYTEXT_POINTER 1
| #define STDC_HEADERS 1
| #define HAVE_SYS_TYPES_H 1
| #define HAVE_SYS_STAT_H 1
| #define HAVE_STDLIB_H 1
| #define HAVE_STRING_H 1
| #define HAVE_MEMORY_H 1
| #define HAVE_STRINGS_H 1
| #define HAVE_INTTYPES_H 1
| #define HAVE_STDINT_H 1
| #define HAVE_UNISTD_H 1
| #define HAVE_DLFCN_H 1
| /* end confdefs.h.  */
| #include <ac_nonexistent.h>
configure:5358: result: g++ -E
configure:5382: g++ -E  conftest.cc
configure:5388: $? = 0
configure:5420: g++ -E  conftest.cc
conftest.cc:26:28: ac_nonexistent.h: No such file or directory
configure:5426: $? = 1
configure: failed program was:
| /* confdefs.h.  */
| 
| #define PACKAGE_NAME ""
| #define PACKAGE_TARNAME ""
| #define PACKAGE_VERSION ""
| #define PACKAGE_STRING ""
| #define PACKAGE_BUGREPORT ""
| #define PACKAGE "htmlcxx"
| #define VERSION "0.7.3"
| #ifdef __cplusplus
| extern "C" void std::exit (int) throw (); using std::exit;
| #endif
| #define YYTEXT_POINTER 1
| #define STDC_HEADERS 1
| #define HAVE_SYS_TYPES_H 1
| #define HAVE_SYS_STAT_H 1
| #define HAVE_STDLIB_H 1
| #define HAVE_STRING_H 1
| #define HAVE_MEMORY_H 1
| #define HAVE_STRINGS_H 1
| #define HAVE_INTTYPES_H 1
| #define HAVE_STDINT_H 1
| #define HAVE_UNISTD_H 1
| #define HAVE_DLFCN_H 1
| /* end confdefs.h.  */
| #include <ac_nonexistent.h>
configure:5523: checking for g77
configure:5552: result: no
configure:5523: checking for f77
configure:5552: result: no
configure:5523: checking for xlf
configure:5552: result: no
configure:5523: checking for frt
configure:5552: result: no
configure:5523: checking for pgf77
configure:5552: result: no
configure:5523: checking for fort77
configure:5552: result: no
configure:5523: checking for fl32
configure:5552: result: no
configure:5523: checking for af77
configure:5552: result: no
configure:5523: checking for f90
configure:5552: result: no
configure:5523: checking for xlf90
configure:5552: result: no
configure:5523: checking for pgf90
configure:5552: result: no
configure:5523: checking for epcf90
configure:5552: result: no
configure:5523: checking for f95
configure:5539: found /usr/bin/f95
configure:5549: result: f95
configure:5564: checking for Fortran 77 compiler version
configure:5567: f95 --version </dev/null >&5
GNU Fortran (Ubuntu/Linaro 4.5.2-8ubuntu4) 4.5.2
Copyright (C) 2010 Free Software Foundation, Inc.

GNU Fortran comes with NO WARRANTY, to the extent permitted by law.
You may redistribute copies of GNU Fortran
under the terms of the GNU General Public License.
For more information about these matters, see the file named COPYING

configure:5570: $? = 0
configure:5572: f95 -v </dev/null >&5
Using built-in specs.
COLLECT_GCC=f95
COLLECT_LTO_WRAPPER=/usr/lib/i386-linux-gnu/gcc/i686-linux-gnu/4.5.2/lto-wrapper
Target: i686-linux-gnu
Configured with: ../src/configure -v --with-pkgversion='Ubuntu/Linaro 4.5.2-8ubuntu4' --with-bugurl=file:///usr/share/doc/gcc-4.5/README.Bugs --enable-languages=c,c++,fortran,objc,obj-c++ --prefix=/usr --program-suffix=-4.5 --enable-shared --enable-multiarch --with-multiarch-defaults=i386-linux-gnu --enable-linker-build-id --with-system-zlib --libexecdir=/usr/lib/i386-linux-gnu --without-included-gettext --enable-threads=posix --with-gxx-include-dir=/usr/include/c++/4.5 --libdir=/usr/lib/i386-linux-gnu --enable-nls --with-sysroot=/ --enable-clocale=gnu --enable-libstdcxx-debug --enable-libstdcxx-time=yes --enable-plugin --enable-gold --enable-ld=default --with-plugin-ld=ld.gold --enable-objc-gc --enable-targets=all --disable-werror --with-arch-32=i686 --with-tune=generic --enable-checking=release --build=i686-linux-gnu --host=i686-linux-gnu --target=i686-linux-gnu
Thread model: posix
gcc version 4.5.2 (Ubuntu/Linaro 4.5.2-8ubuntu4) 
configure:5575: $? = 0
configure:5577: f95 -V </dev/null >&5
f95: '-V' option must have argument
configure:5580: $? = 1
configure:5588: checking whether we are using the GNU Fortran 77 compiler
configure:5602: f95 -c  conftest.F >&5
configure:5608: $? = 0
configure:5612: test -z 
			 || test ! -s conftest.err
configure:5615: $? = 0
configure:5618: test -s conftest.o
configure:5621: $? = 0
configure:5634: result: yes
configure:5640: checking whether f95 accepts -g
configure:5652: f95 -c -g conftest.f >&5
configure:5658: $? = 0
configure:5662: test -z 
			 || test ! -s conftest.err
configure:5665: $? = 0
configure:5668: test -s conftest.o
configure:5671: $? = 0
configure:5683: result: yes
configure:5713: checking the maximum length of command line arguments
configure:5792: result: 32768
configure:5803: checking command to parse /usr/bin/nm -B output from gcc object
configure:5899: gcc -c -g -O2  conftest.c >&5
configure:5902: $? = 0
configure:5906: /usr/bin/nm -B conftest.o \| sed -n -e 's/^.*[ 	]\([ABCDGIRSTW][ABCDGIRSTW]*\)[ 	][ 	]*\(\)\([_A-Za-z][_A-Za-z0-9]*\)$/\1 \2\3 \3/p' \> conftest.nm
configure:5909: $? = 0
configure:5961: gcc -o conftest -g -O2   conftest.c conftstm.o >&5
configure:5964: $? = 0
configure:6002: result: ok
configure:6006: checking for objdir
configure:6021: result: .libs
configure:6111: checking for ar
configure:6127: found /usr/bin/ar
configure:6138: result: ar
configure:6191: checking for ranlib
configure:6207: found /usr/bin/ranlib
configure:6218: result: ranlib
configure:6271: checking for strip
configure:6287: found /usr/bin/strip
configure:6298: result: strip
configure:6511: checking for correct ltmain.sh version
configure:6541: result: yes
configure:6603: checking if gcc static flag  works
configure:6626: result: yes
configure:6644: checking if gcc supports -fno-rtti -fno-exceptions
configure:6662: gcc -c -g -O2  -fno-rtti -fno-exceptions conftest.c >&5
cc1: warning: command line option "-fno-rtti" is valid for C++/ObjC++ but not for C
configure:6666: $? = 0
configure:6677: result: no
configure:6692: checking for gcc option to produce PIC
configure:6879: result: -fPIC
configure:6887: checking if gcc PIC flag -fPIC works
configure:6905: gcc -c -g -O2  -fPIC -DPIC conftest.c >&5
configure:6909: $? = 0
configure:6920: result: yes
configure:6944: checking if gcc supports -c -o file.o
configure:6965: gcc -c -g -O2  -o out/conftest2.o conftest.c >&5
configure:6969: $? = 0
configure:6989: result: yes
configure:7015: checking whether the gcc linker (/usr/bin/ld) supports shared libraries
configure:7864: result: yes
configure:7890: checking whether -lc should be explicitly linked in
configure:7895: gcc -c -g -O2  conftest.c >&5
configure:7898: $? = 0
configure:7912: gcc -shared conftest.o  -v -Wl,-soname -Wl,conftest -o conftest 2\>\&1 \| grep  -lc  \>/dev/null 2\>\&1
configure:7915: $? = 0
configure:7927: result: no
configure:7935: checking dynamic linker characteristics
configure:8530: result: GNU/Linux ld.so
configure:8534: checking how to hardcode library paths into programs
configure:8559: result: immediate
configure:8573: checking whether stripping libraries is possible
configure:8578: result: yes
configure:9408: checking if libtool supports shared libraries
configure:9410: result: yes
configure:9413: checking whether to build shared libraries
configure:9434: result: yes
configure:9437: checking whether to build static libraries
configure:9441: result: no
configure:9533: creating libtool
configure:10082: checking for ld used by g++
configure:10149: result: /usr/bin/ld
configure:10158: checking if the linker (/usr/bin/ld) is GNU ld
configure:10173: result: yes
configure:10224: checking whether the g++ linker (/usr/bin/ld) supports shared libraries
configure:11091: result: yes
configure:11109: g++ -c -g -O2  conftest.cc >&5
configure:11112: $? = 0
configure:11208: checking for g++ option to produce PIC
configure:11470: result: -fPIC
configure:11478: checking if g++ PIC flag -fPIC works
configure:11496: g++ -c -g -O2  -fPIC -DPIC conftest.cc >&5
configure:11500: $? = 0
configure:11511: result: yes
configure:11535: checking if g++ supports -c -o file.o
configure:11556: g++ -c -g -O2  -o out/conftest2.o conftest.cc >&5
configure:11560: $? = 0
configure:11580: result: yes
configure:11606: checking whether the g++ linker (/usr/bin/ld) supports shared libraries
configure:11631: result: yes
configure:11702: checking dynamic linker characteristics
configure:12297: result: GNU/Linux ld.so
configure:12301: checking how to hardcode library paths into programs
configure:12326: result: immediate
configure:12340: checking whether stripping libraries is possible
configure:12345: result: yes
configure:13652: checking if libtool supports shared libraries
configure:13654: result: yes
configure:13657: checking whether to build shared libraries
configure:13675: result: yes
configure:13678: checking whether to build static libraries
configure:13682: result: no
configure:13694: checking for f95 option to produce PIC
configure:13881: result: -fPIC
configure:13889: checking if f95 PIC flag -fPIC works
configure:13907: f95 -c -g -O2 -fPIC conftest.f >&5
configure:13911: $? = 0
configure:13922: result: yes
configure:13946: checking if f95 supports -c -o file.o
configure:13967: f95 -c -g -O2 -o out/conftest2.o conftest.f >&5
configure:13971: $? = 0
configure:13991: result: yes
configure:14017: checking whether the f95 linker (/usr/bin/ld) supports shared libraries
configure:14846: result: yes
configure:14917: checking dynamic linker characteristics
configure:15512: result: GNU/Linux ld.so
configure:15516: checking how to hardcode library paths into programs
configure:15541: result: immediate
configure:15555: checking whether stripping libraries is possible
configure:15560: result: yes
configure:19716: checking for main in -lfl
configure:19740: gcc -o conftest -g -O2   conftest.c -lfl   >&5
configure:19746: $? = 0
configure:19750: test -z 
			 || test ! -s conftest.err
configure:19753: $? = 0
configure:19756: test -s conftest
configure:19759: $? = 0
configure:19772: result: yes
configure:19787: checking for ANSI C header files
configure:19943: result: yes
configure:19956: checking for stdbool.h that conforms to C99
configure:20009: gcc -c -g -O2  conftest.c >&5
conftest.c:54:2: warning: variably modified 'd' at file scope
conftest.c:56:2: warning: variably modified 'f' at file scope
configure:20015: $? = 0
configure:20019: test -z 
			 || test ! -s conftest.err
configure:20022: $? = 0
configure:20025: test -s conftest.o
configure:20028: $? = 0
configure:20039: result: yes
configure:20041: checking for _Bool
configure:20065: gcc -c -g -O2  conftest.c >&5
configure:20071: $? = 0
configure:20075: test -z 
			 || test ! -s conftest.err
configure:20078: $? = 0
configure:20081: test -s conftest.o
configure:20084: $? = 0
configure:20095: result: yes
configure:20114: checking for an ANSI C-conforming const
configure:20181: gcc -c -g -O2  conftest.c >&5
configure:20187: $? = 0
configure:20191: test -z 
			 || test ! -s conftest.err
configure:20194: $? = 0
configure:20197: test -s conftest.o
configure:20200: $? = 0
configure:20211: result: yes
configure:20221: checking for inline
configure:20242: gcc -c -g -O2  conftest.c >&5
configure:20248: $? = 0
configure:20252: test -z 
			 || test ! -s conftest.err
configure:20255: $? = 0
configure:20258: test -s conftest.o
configure:20261: $? = 0
configure:20273: result: inline
configure:20292: checking for size_t
configure:20316: gcc -c -g -O2  conftest.c >&5
configure:20322: $? = 0
configure:20326: test -z 
			 || test ! -s conftest.err
configure:20329: $? = 0
configure:20332: test -s conftest.o
configure:20335: $? = 0
configure:20346: result: yes
configure:20358: checking whether time.h and sys/time.h may both be included
configure:20383: gcc -c -g -O2  conftest.c >&5
configure:20389: $? = 0
configure:20393: test -z 
			 || test ! -s conftest.err
configure:20396: $? = 0
configure:20399: test -s conftest.o
configure:20402: $? = 0
configure:20413: result: yes
configure:20552: creating ./config.status

## ---------------------- ##
## Running config.status. ##
## ---------------------- ##

This file was extended by config.status, which was
generated by GNU Autoconf 2.59.  Invocation command line was

  CONFIG_FILES    = 
  CONFIG_HEADERS  = 
  CONFIG_LINKS    = 
  CONFIG_COMMANDS = 
  $ ./config.status 

on fliperama

config.status:720: creating Makefile
config.status:720: creating html/Makefile
config.status:720: creating css/Makefile
config.status:824: creating config.h
config.status:944: config.h is unchanged
config.status:1124: executing depfiles commands

## ---------------- ##
## Cache variables. ##
## ---------------- ##

ac_cv_build=i686-pc-linux-gnu
ac_cv_build_alias=i686-pc-linux-gnu
ac_cv_c_compiler_gnu=yes
ac_cv_c_const=yes
ac_cv_c_inline=inline
ac_cv_cxx_compiler_gnu=yes
ac_cv_env_CC_set=
ac_cv_env_CC_value=
ac_cv_env_CFLAGS_set=
ac_cv_env_CFLAGS_value=
ac_cv_env_CPPFLAGS_set=
ac_cv_env_CPPFLAGS_value=
ac_cv_env_CPP_set=
ac_cv_env_CPP_value=
ac_cv_env_CXXCPP_set=
ac_cv_env_CXXCPP_value=
ac_cv_env_CXXFLAGS_set=
ac_cv_env_CXXFLAGS_value=
ac_cv_env_CXX_set=
ac_cv_env_CXX_value=
ac_cv_env_F77_set=
ac_cv_env_F77_value=
ac_cv_env_FFLAGS_set=
ac_cv_env_FFLAGS_value=
ac_cv_env_LDFLAGS_set=
ac_cv_env_LDFLAGS_value=
ac_cv_env_build_alias_set=
ac_cv_env_build_alias_value=
ac_cv_env_host_alias_set=
ac_cv_env_host_alias_value=
ac_cv_env_target_alias_set=
ac_cv_env_target_alias_value=
ac_cv_exeext=
ac_cv_f77_compiler_gnu=yes
ac_cv_header_dlfcn_h=yes
ac_cv_header_inttypes_h=yes
ac_cv_header_memory_h=yes
ac_cv_header_stdbool_h=yes
ac_cv_header_stdc=yes
ac_cv_header_stdint_h=yes
ac_cv_header_stdlib_h=yes
ac_cv_header_string_h=yes
ac_cv_header_strings_h=yes
ac_cv_header_sys_stat_h=yes
ac_cv_header_sys_types_h=yes
ac_cv_header_time=yes
ac_cv_header_unistd_h=yes
ac_cv_host=i686-pc-linux-gnu
ac_cv_host_alias=i686-pc-linux-gnu
ac_cv_lib_fl_main=yes
ac_cv_lib_fl_yywrap=yes
ac_cv_objext=o
ac_cv_path_install='/usr/bin/install -c'
ac_cv_prog_AWK=gawk
ac_cv_prog_CPP='gcc -E'
ac_cv_prog_CXXCPP='g++ -E'
ac_cv_prog_LEX=flex
ac_cv_prog_YACC='bison -y'
ac_cv_prog_ac_ct_AR=ar
ac_cv_prog_ac_ct_CC=gcc
ac_cv_prog_ac_ct_CXX=g++
ac_cv_prog_ac_ct_F77=f95
ac_cv_prog_ac_ct_RANLIB=ranlib
ac_cv_prog_ac_ct_STRIP=strip
ac_cv_prog_cc_g=yes
ac_cv_prog_cc_stdc=
ac_cv_prog_cxx_g=yes
ac_cv_prog_egrep='grep -E'
ac_cv_prog_f77_g=yes
ac_cv_prog_lex_root=lex.yy
ac_cv_prog_lex_yytext_pointer=yes
ac_cv_prog_make_make_set=yes
ac_cv_type__Bool=yes
ac_cv_type_size_t=yes
am_cv_CC_dependencies_compiler_type=gcc3
am_cv_CXX_dependencies_compiler_type=gcc3
lt_cv_cc_64bit_output=no
lt_cv_deplibs_check_method=pass_all
lt_cv_file_magic_cmd='$MAGIC_CMD'
lt_cv_file_magic_test_file=
lt_cv_ld_reload_flag=-r
lt_cv_objdir=.libs
lt_cv_path_LD=/usr/bin/ld
lt_cv_path_LDCXX=/usr/bin/ld
lt_cv_path_NM='/usr/bin/nm -B'
lt_cv_path_SED=/bin/sed
lt_cv_prog_compiler_c_o=yes
lt_cv_prog_compiler_c_o_CXX=yes
lt_cv_prog_compiler_c_o_F77=yes
lt_cv_prog_compiler_rtti_exceptions=no
lt_cv_prog_gnu_ld=yes
lt_cv_prog_gnu_ldcxx=yes
lt_cv_sys_global_symbol_pipe='sed -n -e '\''s/^.*[ 	]\([ABCDGIRSTW][ABCDGIRSTW]*\)[ 	][ 	]*\(\)\([_A-Za-z][_A-Za-z0-9]*\)$/\1 \2\3 \3/p'\'''
lt_cv_sys_global_symbol_to_c_name_address='sed -n -e '\''s/^: \([^ ]*\) $/  {\"\1\", (lt_ptr) 0},/p'\'' -e '\''s/^[BCDEGRST] \([^ ]*\) \([^ ]*\)$/  {"\2", (lt_ptr) \&\2},/p'\'''
lt_cv_sys_global_symbol_to_cdecl='sed -n -e '\''s/^. .* \(.*\)$/extern int \1;/p'\'''
lt_cv_sys_max_cmd_len=32768
lt_lt_cv_prog_compiler_c_o='"yes"'
lt_lt_cv_prog_compiler_c_o_CXX='"yes"'
lt_lt_cv_prog_compiler_c_o_F77='"yes"'
lt_lt_cv_sys_global_symbol_pipe='"sed -n -e '\''s/^.*[ 	]\\([ABCDGIRSTW][ABCDGIRSTW]*\\)[ 	][ 	]*\\(\\)\\([_A-Za-z][_A-Za-z0-9]*\\)\$/\\1 \\2\\3 \\3/p'\''"'
lt_lt_cv_sys_global_symbol_to_c_name_address='"sed -n -e '\''s/^: \\([^ ]*\\) \$/  {\\\"\\1\\\", (lt_ptr) 0},/p'\'' -e '\''s/^[BCDEGRST] \\([^ ]*\\) \\([^ ]*\\)\$/  {\"\\2\", (lt_ptr) \\&\\2},/p'\''"'
lt_lt_cv_sys_global_symbol_to_cdecl='"sed -n -e '\''s/^. .* \\(.*\\)\$/extern int \\1;/p'\''"'

## ----------------- ##
## Output variables. ##
## ----------------- ##

ACLOCAL='${SHELL} /home/lucmir/Desktop/Faculdade/mestrado/periodo2/gerenciaDeDadosWeb/tp1/tp1_gdw/Extrator/projeto-extracao/htmlcxx-0.7.3/missing --run aclocal-1.9'
AMDEPBACKSLASH='\'
AMDEP_FALSE='#'
AMDEP_TRUE=''
AMTAR='${SHELL} /home/lucmir/Desktop/Faculdade/mestrado/periodo2/gerenciaDeDadosWeb/tp1/tp1_gdw/Extrator/projeto-extracao/htmlcxx-0.7.3/missing --run tar'
AR='ar'
AUTOCONF='${SHELL} /home/lucmir/Desktop/Faculdade/mestrado/periodo2/gerenciaDeDadosWeb/tp1/tp1_gdw/Extrator/projeto-extracao/htmlcxx-0.7.3/missing --run autoconf'
AUTOHEADER='${SHELL} /home/lucmir/Desktop/Faculdade/mestrado/periodo2/gerenciaDeDadosWeb/tp1/tp1_gdw/Extrator/projeto-extracao/htmlcxx-0.7.3/missing --run autoheader'
AUTOMAKE='${SHELL} /home/lucmir/Desktop/Faculdade/mestrado/periodo2/gerenciaDeDadosWeb/tp1/tp1_gdw/Extrator/projeto-extracao/htmlcxx-0.7.3/missing --run automake-1.9'
AWK='gawk'
CC='gcc'
CCDEPMODE='depmode=gcc3'
CFLAGS='-g -O2'
CPP='gcc -E'
CPPFLAGS=''
CXX='g++'
CXXCPP='g++ -E'
CXXDEPMODE='depmode=gcc3'
CXXFLAGS='-g -O2 -DDEFAULT_CSS="\"${prefix}/share/htmlcxx/css/default.css\""'
CYGPATH_W='echo'
DEFS='-DHAVE_CONFIG_H'
DEPDIR='.deps'
ECHO='echo'
ECHO_C=''
ECHO_N='-n'
ECHO_T=''
EGREP='grep -E'
EXEEXT=''
F77='f95'
FFLAGS='-g -O2'
INSTALL_DATA='${INSTALL} -m 644'
INSTALL_PROGRAM='${INSTALL}'
INSTALL_SCRIPT='${INSTALL}'
INSTALL_STRIP_PROGRAM='${SHELL} $(install_sh) -c -s'
LDFLAGS=''
LEX='flex'
LEXLIB='-lfl'
LEX_OUTPUT_ROOT='lex.yy'
LIBOBJS=''
LIBS='-lfl '
LIBTOOL='$(SHELL) $(top_builddir)/libtool'
LN_S='ln -s'
LTLIBOBJS=''
MAKEINFO='${SHELL} /home/lucmir/Desktop/Faculdade/mestrado/periodo2/gerenciaDeDadosWeb/tp1/tp1_gdw/Extrator/projeto-extracao/htmlcxx-0.7.3/missing --run makeinfo'
OBJEXT='o'
PACKAGE='htmlcxx'
PACKAGE_BUGREPORT=''
PACKAGE_NAME=''
PACKAGE_STRING=''
PACKAGE_TARNAME=''
PACKAGE_VERSION=''
PATH_SEPARATOR=':'
RANLIB='ranlib'
SET_MAKE=''
SHELL='/bin/bash'
STRIP='strip'
VERSION='0.7.3'
YACC='bison -y'
ac_ct_AR='ar'
ac_ct_CC='gcc'
ac_ct_CXX='g++'
ac_ct_F77='f95'
ac_ct_RANLIB='ranlib'
ac_ct_STRIP='strip'
am__fastdepCC_FALSE='#'
am__fastdepCC_TRUE=''
am__fastdepCXX_FALSE='#'
am__fastdepCXX_TRUE=''
am__include='include'
am__leading_dot='.'
am__quote=''
am__tar='${AMTAR} chof - "$$tardir"'
am__untar='${AMTAR} xf -'
bindir='${exec_prefix}/bin'
build='i686-pc-linux-gnu'
build_alias=''
build_cpu='i686'
build_os='linux-gnu'
build_vendor='pc'
datadir='${prefix}/share'
exec_prefix='${prefix}'
host='i686-pc-linux-gnu'
host_alias=''
host_cpu='i686'
host_os='linux-gnu'
host_vendor='pc'
includedir='${prefix}/include'
infodir='${prefix}/info'
install_sh='/home/lucmir/Desktop/Faculdade/mestrado/periodo2/gerenciaDeDadosWeb/tp1/tp1_gdw/Extrator/projeto-extracao/htmlcxx-0.7.3/install-sh'
libdir='${exec_prefix}/lib'
libexecdir='${exec_prefix}/libexec'
localstatedir='${prefix}/var'
mandir='${prefix}/man'
mkdir_p='mkdir -p --'
oldincludedir='/usr/include'
prefix='/home/lucmir/Desktop/Faculdade/mestrado/periodo2/gerenciaDeDadosWeb/tp1/tp1_gdw/Extrator/projeto-extracao/htmlcxx-0.7.3/out'
program_transform_name='s,x,x,'
sbindir='${exec_prefix}/sbin'
sharedstatedir='${prefix}/com'
sysconfdir='${prefix}/etc'
target_alias=''

## ----------- ##
## confdefs.h. ##
## ----------- ##

#define HAVE_DLFCN_H 1
#define HAVE_INTTYPES_H 1
#define HAVE_LIBFL 1
#define HAVE_MEMORY_H 1
#define HAVE_STDBOOL_H 1
#define HAVE_STDINT_H 1
#define HAVE_STDLIB_H 1
#define HAVE_STRINGS_H 1
#define HAVE_STRING_H 1
#define HAVE_SYS_STAT_H 1
#define HAVE_SYS_TYPES_H 1
#define HAVE_UNISTD_H 1
#define HAVE__BOOL 1
#define PACKAGE "htmlcxx"
#define PACKAGE_BUGREPORT ""
#define PACKAGE_NAME ""
#define PACKAGE_STRING ""
#define PACKAGE_TARNAME ""
#define PACKAGE_VERSION ""
#define STDC_HEADERS 1
#define STDC_HEADERS 1
#define TIME_WITH_SYS_TIME 1
#define VERSION "0.7.3"
#define YYTEXT_POINTER 1
#endif
#ifdef __cplusplus
extern "C" void std::exit (int) throw (); using std::exit;

configure: exit 0
